A D/alpha-freebsd5////
A D/alpha-linux-gnu////
A D/alphaev64-unknown-linux-gnu////
A D/alphaev67-unknown-linux-gnu////
A D/arm-linux-gnu////
A D/hppa-linux-gnu////
A D/i386-freebsd4////
A D/i386-freebsd5////
A D/i386-linux-gnu////
A D/i386-redhat-linux////
A D/i386-redhat-linux-gnu////
A D/i386-unknown-freebsd4////
A D/i386-unknown-freebsd4.6////
A D/i486-linux-gnu////
A D/i686-pc-linux-gnu////
A D/ia64-linux-gnu////
A D/ia64-unknown-linux-gnu////
A D/m68k-linux-gnu////
A D/mips-linux-gnu////
A D/powerpc-linux-gnu////
A D/powerpc64-linux-gnu////
A D/s390-linux-gnu////
A D/s390x-linux-gnu////
A D/sparc-freebsd5////
A D/sparc-linux-gnu////
A D/x86_64-linux-gnu////
A D/x86_64-unknown-linux-gnu////
