A D/INSTALL////
A D/boehm-gc////
A D/config////
A D/contrib////
A D/etc////
A D/fastjar////
A D/fixincludes////
A D/gcc////
A D/gcjx////
A D/gnattools////
A D/include////
A D/intl////
A D/libada////
A D/libbanshee////
A D/libchill////
A D/libcpp////
A D/libf2c////
A D/libffi////
A D/libgfortran////
A D/libgomp////
A D/libiberty////
A D/libio////
A D/libjava////
A D/libmudflap////
A D/libobjc////
A D/libssp////
A D/libstdc++////
A D/libstdc++-v3////
A D/maintainer-scripts////
A D/man-pages////
A D/more-hdrs////
A D/objcp////
A D/order-files////
A D/pbproj////
A D/texinfo////
A D/xiberty////
A D/zlib////
