A D/1750a////
A D/a29k////
A D/alpha////
A D/arc////
A D/arm////
A D/avr////
A D/bfin////
A D/c4x////
A D/clipper////
A D/convex////
A D/cris////
A D/crx////
A D/d30v////
A D/dsp16xx////
A D/dxp////
A D/elxsi////
A D/fr30////
A D/frv////
A D/fx80////
A D/gmicro////
A D/h8300////
A D/i370////
A D/i386////
A D/i860////
A D/i960////
A D/ia64////
A D/ip2k////
A D/iq2000////
A D/m32c////
A D/m32r////
A D/m68hc11////
A D/m68k////
A D/m88k////
A D/mcore////
A D/mips////
A D/mmix////
A D/mn10200////
A D/mn10300////
A D/ms1////
A D/msdos////
A D/ns32k////
A D/pa////
A D/pdp11////
A D/pj////
A D/pyr////
A D/romp////
A D/rs6000////
A D/s390////
A D/sh////
A D/sparc////
A D/spur////
A D/stormy16////
A D/tahoe////
A D/v850////
A D/vax////
A D/we32k////
A D/winnt////
A D/xtensa////
